<?xml version="1.0" encoding="UTF-8"?>
<!-- Generated by org.testng.reporters.JUnitXMLReporter -->
<testsuite hostname="Ajith-PC" ignored="4" name="Test" tests="3" failures="0" timestamp="26 Jan 2019 07:01:45 GMT" time="0.036" errors="0">
  <testcase name="printA" time="0.005" classname="testngggggggggggggggpackageeeeeeeeeeeee.PrintA"/>
  <testcase name="printA" time="0.001" classname="testngggggggggggggggpackageeeeeeeeeeeee.PrintA"/>
  <testcase name="printB" time="0.001" classname="testngggggggggggggggpackageeeeeeeeeeeee.PrintB"/>
  <testcase name="@BeforeSuite beforeSuite" time="0.0" classname="testngggggggggggggggpackageeeeeeeeeeeee.BaseTestng">
    <ignored/>
  </testcase> <!-- @BeforeSuite beforeSuite -->
  <testcase name="@AfterTest afterTest" time="0.0" classname="testngggggggggggggggpackageeeeeeeeeeeee.BaseTestng">
    <ignored/>
  </testcase> <!-- @AfterTest afterTest -->
  <testcase name="@AfterSuite afterSuite" time="0.0" classname="testngggggggggggggggpackageeeeeeeeeeeee.BaseTestng">
    <ignored/>
  </testcase> <!-- @AfterSuite afterSuite -->
  <testcase name="@BeforeTest beforeTest" time="0.0" classname="testngggggggggggggggpackageeeeeeeeeeeee.BaseTestng">
    <ignored/>
  </testcase> <!-- @BeforeTest beforeTest -->
</testsuite> <!-- Test -->
