<?xml version="1.0" encoding="UTF-8"?>
<testng-results skipped="0" failed="0" ignored="0" total="1" passed="1">
  <reporter-output>
  </reporter-output>
  <suite name="Default suite" duration-ms="750" started-at="2019-01-27T09:22:16Z" finished-at="2019-01-27T09:22:17Z">
    <groups>
    </groups>
    <test name="Default test" duration-ms="750" started-at="2019-01-27T09:22:16Z" finished-at="2019-01-27T09:22:17Z">
      <class name="ExcelFileDemo">
        <test-method status="PASS" signature="testLogin()[pri:0, instance:ExcelFileDemo@7a765367]" name="testLogin" duration-ms="723" started-at="2019-01-27T09:22:16Z" finished-at="2019-01-27T09:22:17Z">
          <reporter-output>
          </reporter-output>
        </test-method> <!-- testLogin -->
      </class> <!-- ExcelFileDemo -->
    </test> <!-- Default test -->
  </suite> <!-- Default suite -->
</testng-results>
